Date Time: 2017/05/23 21:13:37
Source: /var/www/colonydemo/private/libs/maintenance.php (handleExceptions:12)
IP: 127.0.0.1
URL: colonydemo.local/api/register/Majid
User Agent: Mozilla/5.0 (X11; Linux x86_64; rv:52.0) Gecko/20100101 Firefox/52.0
OS: Linux (Desktop)
Browser: Firefox
Message: SQLSTATE[HY000] [1045] Access denied for user 'mythonir_admin'@'localhost' (using password: YES)
Trace: [0] /var/www/colonydemo/public/apihndlr.php (include_once:18),[1] /var/www/colonydemo/private/apis/register.php (__construct:11),[2] /var/www/colonydemo/private/controllers/user.php (__construct:8),[3] /var/www/colonydemo/private/models/tblusers.php (__construct:8),[4] /var/www/colonydemo/private/models/dbactiontemplate.php (connect:20),[5] /var/www/colonydemo/private/libs/dbh.php (handleExceptions:43),[6] /var/www/colonydemo/private/libs/maintenance.php (error:12),[7] /var/www/colonydemo/private/libs/log.php (__construct:13),[8] /var/www/colonydemo/private/models/tbllogs.php (__construct:6),[9] /var/www/colonydemo/private/models/dbactiontemplate.php (connect:20),[10] /var/www/colonydemo/private/libs/dbh.php (__construct:35)
Type: 0
---------------------------------------
Date Time: 2017/05/23 21:15:17
Source: /var/www/colonydemo/private/libs/maintenance.php (handleExceptions:12)
IP: 127.0.0.1
URL: colonydemo.local/api/register/Majid
User Agent: Mozilla/5.0 (X11; Linux x86_64; rv:52.0) Gecko/20100101 Firefox/52.0
OS: Linux (Desktop)
Browser: Firefox
Message: SQLSTATE[HY000] [1045] Access denied for user 'mythonir_admin'@'localhost' (using password: YES)
Trace: [0] /var/www/colonydemo/public/apihndlr.php (include_once:18),[1] /var/www/colonydemo/private/apis/register.php (__construct:11),[2] /var/www/colonydemo/private/controllers/user.php (__construct:8),[3] /var/www/colonydemo/private/models/tblusers.php (__construct:8),[4] /var/www/colonydemo/private/models/dbactiontemplate.php (connect:20),[5] /var/www/colonydemo/private/libs/dbh.php (handleExceptions:43),[6] /var/www/colonydemo/private/libs/maintenance.php (error:12),[7] /var/www/colonydemo/private/libs/log.php (__construct:13),[8] /var/www/colonydemo/private/models/tbllogs.php (__construct:6),[9] /var/www/colonydemo/private/models/dbactiontemplate.php (connect:20),[10] /var/www/colonydemo/private/libs/dbh.php (__construct:35)
Type: 0
---------------------------------------
Date Time: 2017/06/11 15:56:21
Source: /var/www/colonydemo/private/libs/maintenance.php (handleExceptions:12)
IP: 127.0.0.1
URL: colonydemo.local/api/register/dgorespgbdf
User Agent: Mozilla/5.0 (X11; Linux x86_64; rv:52.0) Gecko/20100101 Firefox/52.0
OS: Linux (Desktop)
Browser: Firefox
Message: SQLSTATE[HY000] [1045] Access denied for user 'mythonir_admin'@'localhost' (using password: YES)
Trace: [0] /var/www/colonydemo/public/apihndlr.php (include_once:18),[1] /var/www/colonydemo/private/apis/register.php (__construct:11),[2] /var/www/colonydemo/private/controllers/user.php (__construct:8),[3] /var/www/colonydemo/private/models/tblusers.php (__construct:8),[4] /var/www/colonydemo/private/models/dbactiontemplate.php (connect:20),[5] /var/www/colonydemo/private/libs/dbh.php (handleExceptions:43),[6] /var/www/colonydemo/private/libs/maintenance.php (error:12),[7] /var/www/colonydemo/private/libs/log.php (__construct:13),[8] /var/www/colonydemo/private/models/tbllogs.php (__construct:6),[9] /var/www/colonydemo/private/models/dbactiontemplate.php (connect:20),[10] /var/www/colonydemo/private/libs/dbh.php (__construct:35)
Type: 0
---------------------------------------
Date Time: 2017/06/11 15:56:39
Source: /var/www/colonydemo/private/libs/maintenance.php (handleExceptions:12)
IP: 127.0.0.1
URL: colonydemo.local/api/register/fdbtrbmm
User Agent: Mozilla/5.0 (X11; Linux x86_64; rv:52.0) Gecko/20100101 Firefox/52.0
OS: Linux (Desktop)
Browser: Firefox
Message: SQLSTATE[HY000] [1045] Access denied for user 'mythonir_admin'@'localhost' (using password: YES)
Trace: [0] /var/www/colonydemo/public/apihndlr.php (include_once:18),[1] /var/www/colonydemo/private/apis/register.php (__construct:11),[2] /var/www/colonydemo/private/controllers/user.php (__construct:8),[3] /var/www/colonydemo/private/models/tblusers.php (__construct:8),[4] /var/www/colonydemo/private/models/dbactiontemplate.php (connect:20),[5] /var/www/colonydemo/private/libs/dbh.php (handleExceptions:43),[6] /var/www/colonydemo/private/libs/maintenance.php (error:12),[7] /var/www/colonydemo/private/libs/log.php (__construct:13),[8] /var/www/colonydemo/private/models/tbllogs.php (__construct:6),[9] /var/www/colonydemo/private/models/dbactiontemplate.php (connect:20),[10] /var/www/colonydemo/private/libs/dbh.php (__construct:35)
Type: 0
---------------------------------------
